<?xml version="1.0" encoding="UTF-8"?>
<testsuite xmlns:xsi="http://www.w3.org/2001/XMLSchema-instance" xsi:noNamespaceSchemaLocation="https://maven.apache.org/surefire/maven-surefire-plugin/xsd/surefire-test-report-3.0.xsd" version="3.0" name="com.springboot.learning.demo_03_mybaits_crud_quickstart.Demo03MybaitsCrudQuickstartApplicationTests" time="22.442" tests="1" errors="0" skipped="0" failures="0">
  <properties>
    <property name="java.specification.version" value="22"/>
    <property name="sun.cpu.isalist" value="amd64"/>
    <property name="sun.jnu.encoding" value="GBK"/>
    <property name="java.class.path" value="D:\Springboot\demo_03_mybaits_crud_quickstart\target\test-classes;D:\Springboot\demo_03_mybaits_crud_quickstart\target\classes;E:\mvn-reporeties\org\mybatis\spring\boot\mybatis-spring-boot-starter\3.0.3\mybatis-spring-boot-starter-3.0.3.jar;E:\mvn-reporeties\org\springframework\boot\spring-boot-starter\3.3.2\spring-boot-starter-3.3.2.jar;E:\mvn-reporeties\org\springframework\boot\spring-boot\3.3.2\spring-boot-3.3.2.jar;E:\mvn-reporeties\org\springframework\spring-context\6.1.11\spring-context-6.1.11.jar;E:\mvn-reporeties\org\springframework\spring-aop\6.1.11\spring-aop-6.1.11.jar;E:\mvn-reporeties\org\springframework\spring-expression\6.1.11\spring-expression-6.1.11.jar;E:\mvn-reporeties\io\micrometer\micrometer-observation\1.13.2\micrometer-observation-1.13.2.jar;E:\mvn-reporeties\io\micrometer\micrometer-commons\1.13.2\micrometer-commons-1.13.2.jar;E:\mvn-reporeties\org\springframework\boot\spring-boot-autoconfigure\3.3.2\spring-boot-autoconfigure-3.3.2.jar;E:\mvn-reporeties\org\springframework\boot\spring-boot-starter-logging\3.3.2\spring-boot-starter-logging-3.3.2.jar;E:\mvn-reporeties\ch\qos\logback\logback-classic\1.5.6\logback-classic-1.5.6.jar;E:\mvn-reporeties\ch\qos\logback\logback-core\1.5.6\logback-core-1.5.6.jar;E:\mvn-reporeties\org\apache\logging\log4j\log4j-to-slf4j\2.23.1\log4j-to-slf4j-2.23.1.jar;E:\mvn-reporeties\org\apache\logging\log4j\log4j-api\2.23.1\log4j-api-2.23.1.jar;E:\mvn-reporeties\org\slf4j\jul-to-slf4j\2.0.13\jul-to-slf4j-2.0.13.jar;E:\mvn-reporeties\jakarta\annotation\jakarta.annotation-api\2.1.1\jakarta.annotation-api-2.1.1.jar;E:\mvn-reporeties\org\yaml\snakeyaml\2.2\snakeyaml-2.2.jar;E:\mvn-reporeties\org\springframework\boot\spring-boot-starter-jdbc\3.3.2\spring-boot-starter-jdbc-3.3.2.jar;E:\mvn-reporeties\com\zaxxer\HikariCP\5.1.0\HikariCP-5.1.0.jar;E:\mvn-reporeties\org\springframework\spring-jdbc\6.1.11\spring-jdbc-6.1.11.jar;E:\mvn-reporeties\org\springframework\spring-beans\6.1.11\spring-beans-6.1.11.jar;E:\mvn-reporeties\org\mybatis\spring\boot\mybatis-spring-boot-autoconfigure\3.0.3\mybatis-spring-boot-autoconfigure-3.0.3.jar;E:\mvn-reporeties\org\mybatis\mybatis\3.5.14\mybatis-3.5.14.jar;E:\mvn-reporeties\org\mybatis\mybatis-spring\3.0.3\mybatis-spring-3.0.3.jar;E:\mvn-reporeties\com\mysql\mysql-connector-j\8.3.0\mysql-connector-j-8.3.0.jar;E:\mvn-reporeties\org\springframework\boot\spring-boot-starter-test\3.3.2\spring-boot-starter-test-3.3.2.jar;E:\mvn-reporeties\org\springframework\boot\spring-boot-test\3.3.2\spring-boot-test-3.3.2.jar;E:\mvn-reporeties\org\springframework\boot\spring-boot-test-autoconfigure\3.3.2\spring-boot-test-autoconfigure-3.3.2.jar;E:\mvn-reporeties\com\jayway\jsonpath\json-path\2.9.0\json-path-2.9.0.jar;E:\mvn-reporeties\org\slf4j\slf4j-api\2.0.13\slf4j-api-2.0.13.jar;E:\mvn-reporeties\jakarta\xml\bind\jakarta.xml.bind-api\4.0.2\jakarta.xml.bind-api-4.0.2.jar;E:\mvn-reporeties\jakarta\activation\jakarta.activation-api\2.1.3\jakarta.activation-api-2.1.3.jar;E:\mvn-reporeties\net\minidev\json-smart\2.5.1\json-smart-2.5.1.jar;E:\mvn-reporeties\net\minidev\accessors-smart\2.5.1\accessors-smart-2.5.1.jar;E:\mvn-reporeties\org\ow2\asm\asm\9.6\asm-9.6.jar;E:\mvn-reporeties\org\assertj\assertj-core\3.25.3\assertj-core-3.25.3.jar;E:\mvn-reporeties\net\bytebuddy\byte-buddy\1.14.18\byte-buddy-1.14.18.jar;E:\mvn-reporeties\org\awaitility\awaitility\4.2.1\awaitility-4.2.1.jar;E:\mvn-reporeties\org\hamcrest\hamcrest\2.2\hamcrest-2.2.jar;E:\mvn-reporeties\org\junit\jupiter\junit-jupiter\5.10.3\junit-jupiter-5.10.3.jar;E:\mvn-reporeties\org\junit\jupiter\junit-jupiter-api\5.10.3\junit-jupiter-api-5.10.3.jar;E:\mvn-reporeties\org\opentest4j\opentest4j\1.3.0\opentest4j-1.3.0.jar;E:\mvn-reporeties\org\junit\platform\junit-platform-commons\1.10.3\junit-platform-commons-1.10.3.jar;E:\mvn-reporeties\org\apiguardian\apiguardian-api\1.1.2\apiguardian-api-1.1.2.jar;E:\mvn-reporeties\org\junit\jupiter\junit-jupiter-params\5.10.3\junit-jupiter-params-5.10.3.jar;E:\mvn-reporeties\org\junit\jupiter\junit-jupiter-engine\5.10.3\junit-jupiter-engine-5.10.3.jar;E:\mvn-reporeties\org\junit\platform\junit-platform-engine\1.10.3\junit-platform-engine-1.10.3.jar;E:\mvn-reporeties\org\mockito\mockito-core\5.11.0\mockito-core-5.11.0.jar;E:\mvn-reporeties\net\bytebuddy\byte-buddy-agent\1.14.18\byte-buddy-agent-1.14.18.jar;E:\mvn-reporeties\org\objenesis\objenesis\3.3\objenesis-3.3.jar;E:\mvn-reporeties\org\mockito\mockito-junit-jupiter\5.11.0\mockito-junit-jupiter-5.11.0.jar;E:\mvn-reporeties\org\skyscreamer\jsonassert\1.5.3\jsonassert-1.5.3.jar;E:\mvn-reporeties\com\vaadin\external\google\android-json\0.0.20131108.vaadin1\android-json-0.0.20131108.vaadin1.jar;E:\mvn-reporeties\org\springframework\spring-core\6.1.11\spring-core-6.1.11.jar;E:\mvn-reporeties\org\springframework\spring-jcl\6.1.11\spring-jcl-6.1.11.jar;E:\mvn-reporeties\org\springframework\spring-test\6.1.11\spring-test-6.1.11.jar;E:\mvn-reporeties\org\xmlunit\xmlunit-core\2.9.1\xmlunit-core-2.9.1.jar;E:\mvn-reporeties\org\mybatis\spring\boot\mybatis-spring-boot-starter-test\3.0.3\mybatis-spring-boot-starter-test-3.0.3.jar;E:\mvn-reporeties\org\mybatis\spring\boot\mybatis-spring-boot-test-autoconfigure\3.0.3\mybatis-spring-boot-test-autoconfigure-3.0.3.jar;E:\mvn-reporeties\org\springframework\spring-tx\6.1.11\spring-tx-6.1.11.jar;E:\mvn-reporeties\org\projectlombok\lombok\1.18.34\lombok-1.18.34.jar;"/>
    <property name="java.vm.vendor" value="Oracle Corporation"/>
    <property name="sun.arch.data.model" value="64"/>
    <property name="user.variant" value=""/>
    <property name="java.vendor.url" value="https://java.oracle.com/"/>
    <property name="user.timezone" value="Asia/Shanghai"/>
    <property name="os.name" value="Windows 10"/>
    <property name="java.vm.specification.version" value="22"/>
    <property name="sun.java.launcher" value="SUN_STANDARD"/>
    <property name="user.country" value="CN"/>
    <property name="sun.boot.library.path" value="C:\Program Files\Java\jdk-22\bin"/>
    <property name="sun.java.command" value="C:\Users\10602\AppData\Local\Temp\surefire48494483158292179\surefirebooter-20240829135440104_3.jar C:\Users\10602\AppData\Local\Temp\surefire48494483158292179 2024-08-29T13-54-38_759-jvmRun1 surefire-20240829135440104_1tmp surefire_0-20240829135440104_2tmp"/>
    <property name="jdk.debug" value="release"/>
    <property name="surefire.test.class.path" value="D:\Springboot\demo_03_mybaits_crud_quickstart\target\test-classes;D:\Springboot\demo_03_mybaits_crud_quickstart\target\classes;E:\mvn-reporeties\org\mybatis\spring\boot\mybatis-spring-boot-starter\3.0.3\mybatis-spring-boot-starter-3.0.3.jar;E:\mvn-reporeties\org\springframework\boot\spring-boot-starter\3.3.2\spring-boot-starter-3.3.2.jar;E:\mvn-reporeties\org\springframework\boot\spring-boot\3.3.2\spring-boot-3.3.2.jar;E:\mvn-reporeties\org\springframework\spring-context\6.1.11\spring-context-6.1.11.jar;E:\mvn-reporeties\org\springframework\spring-aop\6.1.11\spring-aop-6.1.11.jar;E:\mvn-reporeties\org\springframework\spring-expression\6.1.11\spring-expression-6.1.11.jar;E:\mvn-reporeties\io\micrometer\micrometer-observation\1.13.2\micrometer-observation-1.13.2.jar;E:\mvn-reporeties\io\micrometer\micrometer-commons\1.13.2\micrometer-commons-1.13.2.jar;E:\mvn-reporeties\org\springframework\boot\spring-boot-autoconfigure\3.3.2\spring-boot-autoconfigure-3.3.2.jar;E:\mvn-reporeties\org\springframework\boot\spring-boot-starter-logging\3.3.2\spring-boot-starter-logging-3.3.2.jar;E:\mvn-reporeties\ch\qos\logback\logback-classic\1.5.6\logback-classic-1.5.6.jar;E:\mvn-reporeties\ch\qos\logback\logback-core\1.5.6\logback-core-1.5.6.jar;E:\mvn-reporeties\org\apache\logging\log4j\log4j-to-slf4j\2.23.1\log4j-to-slf4j-2.23.1.jar;E:\mvn-reporeties\org\apache\logging\log4j\log4j-api\2.23.1\log4j-api-2.23.1.jar;E:\mvn-reporeties\org\slf4j\jul-to-slf4j\2.0.13\jul-to-slf4j-2.0.13.jar;E:\mvn-reporeties\jakarta\annotation\jakarta.annotation-api\2.1.1\jakarta.annotation-api-2.1.1.jar;E:\mvn-reporeties\org\yaml\snakeyaml\2.2\snakeyaml-2.2.jar;E:\mvn-reporeties\org\springframework\boot\spring-boot-starter-jdbc\3.3.2\spring-boot-starter-jdbc-3.3.2.jar;E:\mvn-reporeties\com\zaxxer\HikariCP\5.1.0\HikariCP-5.1.0.jar;E:\mvn-reporeties\org\springframework\spring-jdbc\6.1.11\spring-jdbc-6.1.11.jar;E:\mvn-reporeties\org\springframework\spring-beans\6.1.11\spring-beans-6.1.11.jar;E:\mvn-reporeties\org\mybatis\spring\boot\mybatis-spring-boot-autoconfigure\3.0.3\mybatis-spring-boot-autoconfigure-3.0.3.jar;E:\mvn-reporeties\org\mybatis\mybatis\3.5.14\mybatis-3.5.14.jar;E:\mvn-reporeties\org\mybatis\mybatis-spring\3.0.3\mybatis-spring-3.0.3.jar;E:\mvn-reporeties\com\mysql\mysql-connector-j\8.3.0\mysql-connector-j-8.3.0.jar;E:\mvn-reporeties\org\springframework\boot\spring-boot-starter-test\3.3.2\spring-boot-starter-test-3.3.2.jar;E:\mvn-reporeties\org\springframework\boot\spring-boot-test\3.3.2\spring-boot-test-3.3.2.jar;E:\mvn-reporeties\org\springframework\boot\spring-boot-test-autoconfigure\3.3.2\spring-boot-test-autoconfigure-3.3.2.jar;E:\mvn-reporeties\com\jayway\jsonpath\json-path\2.9.0\json-path-2.9.0.jar;E:\mvn-reporeties\org\slf4j\slf4j-api\2.0.13\slf4j-api-2.0.13.jar;E:\mvn-reporeties\jakarta\xml\bind\jakarta.xml.bind-api\4.0.2\jakarta.xml.bind-api-4.0.2.jar;E:\mvn-reporeties\jakarta\activation\jakarta.activation-api\2.1.3\jakarta.activation-api-2.1.3.jar;E:\mvn-reporeties\net\minidev\json-smart\2.5.1\json-smart-2.5.1.jar;E:\mvn-reporeties\net\minidev\accessors-smart\2.5.1\accessors-smart-2.5.1.jar;E:\mvn-reporeties\org\ow2\asm\asm\9.6\asm-9.6.jar;E:\mvn-reporeties\org\assertj\assertj-core\3.25.3\assertj-core-3.25.3.jar;E:\mvn-reporeties\net\bytebuddy\byte-buddy\1.14.18\byte-buddy-1.14.18.jar;E:\mvn-reporeties\org\awaitility\awaitility\4.2.1\awaitility-4.2.1.jar;E:\mvn-reporeties\org\hamcrest\hamcrest\2.2\hamcrest-2.2.jar;E:\mvn-reporeties\org\junit\jupiter\junit-jupiter\5.10.3\junit-jupiter-5.10.3.jar;E:\mvn-reporeties\org\junit\jupiter\junit-jupiter-api\5.10.3\junit-jupiter-api-5.10.3.jar;E:\mvn-reporeties\org\opentest4j\opentest4j\1.3.0\opentest4j-1.3.0.jar;E:\mvn-reporeties\org\junit\platform\junit-platform-commons\1.10.3\junit-platform-commons-1.10.3.jar;E:\mvn-reporeties\org\apiguardian\apiguardian-api\1.1.2\apiguardian-api-1.1.2.jar;E:\mvn-reporeties\org\junit\jupiter\junit-jupiter-params\5.10.3\junit-jupiter-params-5.10.3.jar;E:\mvn-reporeties\org\junit\jupiter\junit-jupiter-engine\5.10.3\junit-jupiter-engine-5.10.3.jar;E:\mvn-reporeties\org\junit\platform\junit-platform-engine\1.10.3\junit-platform-engine-1.10.3.jar;E:\mvn-reporeties\org\mockito\mockito-core\5.11.0\mockito-core-5.11.0.jar;E:\mvn-reporeties\net\bytebuddy\byte-buddy-agent\1.14.18\byte-buddy-agent-1.14.18.jar;E:\mvn-reporeties\org\objenesis\objenesis\3.3\objenesis-3.3.jar;E:\mvn-reporeties\org\mockito\mockito-junit-jupiter\5.11.0\mockito-junit-jupiter-5.11.0.jar;E:\mvn-reporeties\org\skyscreamer\jsonassert\1.5.3\jsonassert-1.5.3.jar;E:\mvn-reporeties\com\vaadin\external\google\android-json\0.0.20131108.vaadin1\android-json-0.0.20131108.vaadin1.jar;E:\mvn-reporeties\org\springframework\spring-core\6.1.11\spring-core-6.1.11.jar;E:\mvn-reporeties\org\springframework\spring-jcl\6.1.11\spring-jcl-6.1.11.jar;E:\mvn-reporeties\org\springframework\spring-test\6.1.11\spring-test-6.1.11.jar;E:\mvn-reporeties\org\xmlunit\xmlunit-core\2.9.1\xmlunit-core-2.9.1.jar;E:\mvn-reporeties\org\mybatis\spring\boot\mybatis-spring-boot-starter-test\3.0.3\mybatis-spring-boot-starter-test-3.0.3.jar;E:\mvn-reporeties\org\mybatis\spring\boot\mybatis-spring-boot-test-autoconfigure\3.0.3\mybatis-spring-boot-test-autoconfigure-3.0.3.jar;E:\mvn-reporeties\org\springframework\spring-tx\6.1.11\spring-tx-6.1.11.jar;E:\mvn-reporeties\org\projectlombok\lombok\1.18.34\lombok-1.18.34.jar;"/>
    <property name="sun.cpu.endian" value="little"/>
    <property name="user.home" value="C:\Users\10602"/>
    <property name="user.language" value="zh"/>
    <property name="java.specification.vendor" value="Oracle Corporation"/>
    <property name="java.version.date" value="2024-07-16"/>
    <property name="java.home" value="C:\Program Files\Java\jdk-22"/>
    <property name="file.separator" value="\"/>
    <property name="basedir" value="D:\Springboot\demo_03_mybaits_crud_quickstart"/>
    <property name="java.vm.compressedOopsMode" value="Zero based"/>
    <property name="line.separator" value="&#10;"/>
    <property name="java.vm.specification.vendor" value="Oracle Corporation"/>
    <property name="java.specification.name" value="Java Platform API Specification"/>
    <property name="FILE_LOG_CHARSET" value="UTF-8"/>
    <property name="java.awt.headless" value="true"/>
    <property name="surefire.real.class.path" value="C:\Users\10602\AppData\Local\Temp\surefire48494483158292179\surefirebooter-20240829135440104_3.jar"/>
    <property name="user.script" value=""/>
    <property name="sun.management.compiler" value="HotSpot 64-Bit Tiered Compilers"/>
    <property name="java.runtime.version" value="22.0.2+9-70"/>
    <property name="user.name" value="10602"/>
    <property name="stdout.encoding" value="GBK"/>
    <property name="path.separator" value=";"/>
    <property name="os.version" value="10.0"/>
    <property name="java.runtime.name" value="Java(TM) SE Runtime Environment"/>
    <property name="file.encoding" value="UTF-8"/>
    <property name="java.vm.name" value="Java HotSpot(TM) 64-Bit Server VM"/>
    <property name="localRepository" value="E:\mvn-reporeties"/>
    <property name="java.vendor.url.bug" value="https://bugreport.java.com/bugreport/"/>
    <property name="java.io.tmpdir" value="C:\Users\10602\AppData\Local\Temp\"/>
    <property name="idea.version" value="2024.1.3"/>
    <property name="com.zaxxer.hikari.pool_number" value="1"/>
    <property name="java.version" value="22.0.2"/>
    <property name="user.dir" value="D:\Springboot\demo_03_mybaits_crud_quickstart"/>
    <property name="os.arch" value="amd64"/>
    <property name="java.vm.specification.name" value="Java Virtual Machine Specification"/>
    <property name="PID" value="11056"/>
    <property name="sun.os.patch.level" value=""/>
    <property name="CONSOLE_LOG_CHARSET" value="UTF-8"/>
    <property name="native.encoding" value="GBK"/>
    <property name="java.library.path" value="C:\Program Files\Java\jdk-22\bin;C:\Windows\Sun\Java\bin;C:\Windows\system32;C:\Windows;C:\Python312\Scripts\;C:\Python312\;C:\Program Files\Common Files\Oracle\Java\javapath;F:\MySQL8\bin;F:\MySQL5\bin;C:\Windows\system32;C:\Windows;C:\Windows\System32\Wbem;C:\Windows\System32\WindowsPowerShell\v1.0\;C:\Windows\System32\OpenSSH\;C:\Program Files\TortoiseSVN\bin;C:\Program Files\Bandizip\;C:\Program Files\TortoiseGit\bin;C:\Program Files\Microsoft SQL Server\150\Tools\Binn\;D:\python39-13\;D:\Git\cmd;C:\Users\10602\AppData\Local\Programs\Python\Python39-32\Scripts\;C:\Users\10602\AppData\Local\Programs\Python\Python39-32\;C:\Users\10602\AppData\Local\Microsoft\WindowsApps;D:\Program Files\Pandoc\;D:\Xshell\;C:\Program Files (x86)\Windows Kits\10\Windows Performance Toolkit\;C:\Program Files\Java\jdk-22\bin;D:\apache-maven-3.9.8\bin;C:\ProgramData\chocolatey\bin;D:\nodejs\;C:\Users\10602\AppData\Local\Programs\Python\Python39-32\Scripts\;C:\Users\10602\AppData\Local\Programs\Python\Python39-32\;C:\Users\10602\AppData\Local\Microsoft\WindowsApps;;D:\Program Files\JetBrains\IntelliJ IDEA 2024.1.3\bin;;D:\Programs\Microsoft VS Code\bin;C:\Users\10602\AppData\Roaming\npm;."/>
    <property name="java.vm.info" value="mixed mode, sharing"/>
    <property name="stderr.encoding" value="GBK"/>
    <property name="java.vendor" value="Oracle Corporation"/>
    <property name="java.vm.version" value="22.0.2+9-70"/>
    <property name="sun.io.unicode.encoding" value="UnicodeLittle"/>
    <property name="maven.repo.local" value="E:\mvn-reporeties"/>
    <property name="java.class.version" value="66.0"/>
  </properties>
  <testcase name="testselectAll" classname="com.springboot.learning.demo_03_mybaits_crud_quickstart.Demo03MybaitsCrudQuickstartApplicationTests" time="7.527">
    <system-out><![CDATA[13:54:53.848 [main] INFO org.springframework.test.context.support.AnnotationConfigContextLoaderUtils -- Could not detect default configuration classes for test class [com.springboot.learning.demo_03_mybaits_crud_quickstart.Demo03MybaitsCrudQuickstartApplicationTests]: Demo03MybaitsCrudQuickstartApplicationTests does not declare any static, non-private, non-final, nested classes annotated with @Configuration.
13:54:54.870 [main] INFO org.springframework.boot.test.context.SpringBootTestContextBootstrapper -- Found @SpringBootConfiguration com.springboot.learning.demo_03_mybaits_crud_quickstart.Demo03MybaitsCrudQuickstartApplication for test class com.springboot.learning.demo_03_mybaits_crud_quickstart.Demo03MybaitsCrudQuickstartApplicationTests

  .   ____          _            __ _ _
 /\\ / ___'_ __ _ _(_)_ __  __ _ \ \ \ \
( ( )\___ | '_ | '_| | '_ \/ _` | \ \ \ \
 \\/  ___)| |_)| | | | | || (_| |  ) ) ) )
  '  |____| .__|_| |_|_| |_\__, | / / / /
 =========|_|==============|___/=/_/_/_/

 :: Spring Boot ::                (v3.3.2)

2024-08-29T13:55:01.111+08:00  INFO 11056 --- [           main] o03MybaitsCrudQuickstartApplicationTests : Starting Demo03MybaitsCrudQuickstartApplicationTests using Java 22.0.2 with PID 11056 (started by 10602 in D:\Springboot\demo_03_mybaits_crud_quickstart)
2024-08-29T13:55:01.129+08:00  INFO 11056 --- [           main] o03MybaitsCrudQuickstartApplicationTests : No active profile set, falling back to 1 default profile: "default"
2024-08-29T13:55:07.261+08:00  INFO 11056 --- [           main] o03MybaitsCrudQuickstartApplicationTests : Started Demo03MybaitsCrudQuickstartApplicationTests in 9.574 seconds (process running for 22.862)
2024-08-29T13:55:12.616+08:00  INFO 11056 --- [           main] com.zaxxer.hikari.HikariDataSource       : HikariPool-1 - Starting...
2024-08-29T13:55:14.603+08:00  INFO 11056 --- [           main] com.zaxxer.hikari.pool.HikariPool        : HikariPool-1 - Added connection com.mysql.cj.jdbc.ConnectionImpl@6f07d414
2024-08-29T13:55:14.607+08:00  INFO 11056 --- [           main] com.zaxxer.hikari.HikariDataSource       : HikariPool-1 - Start completed.
User{id=1, name='白眉鹰王', age=55, gender=1, phone='18800000000'}
User{id=2, name='金毛狮王', age=45, gender=1, phone='18800000001'}
User{id=3, name='青翼蝠王', age=38, gender=1, phone='18800000002'}
User{id=4, name='紫衫龙王', age=42, gender=2, phone='18800000003'}
User{id=5, name='光明左使', age=37, gender=1, phone='18800000004'}
User{id=6, name='光明右使', age=48, gender=1, phone='18800000005'}
]]></system-out>
    <system-err><![CDATA[WARNING: A Java agent has been loaded dynamically (E:\mvn-reporeties\net\bytebuddy\byte-buddy-agent\1.14.18\byte-buddy-agent-1.14.18.jar)
WARNING: If a serviceability tool is in use, please run with -XX:+EnableDynamicAgentLoading to hide this warning
WARNING: If a serviceability tool is not in use, please run with -Djdk.instrument.traceUsage for more information
WARNING: Dynamic loading of agents will be disallowed by default in a future release
]]></system-err>
  </testcase>
</testsuite>